# JRE version: Java(TM) SE Runtime Environment (17.0.10+11) (build 17.0.10+11-LTS-240)
# Java VM: Java HotSpot(TM) 64-Bit Server VM (17.0.10+11-LTS-240, mixed mode, sharing, tiered, compressed oops, compressed class ptrs, g1 gc, windows-amd64)
GC Precious Log:
 CPUs: 12 total, 12 available
 Memory: 8030M
 Large Page Support: Disabled
 NUMA Support: Disabled
 Compressed Oops: Enabled (32-bit)
 Heap Region Size: 1M
 Heap Min Capacity: 256M
 Heap Initial Capacity: 256M
 Heap Max Capacity: 512M
 Pre-touch: Disabled
 Parallel Workers: 10
 Concurrent Workers: 3
 Concurrent Refinement Workers: 10
 Periodic GC: Disabled
Heap:
 garbage-first heap   total 262144K, used 198132K [0x00000000e0000000, 0x0000000100000000)
  region size 1024K, 129 young (132096K), 6 survivors (6144K)
 Metaspace       used 68848K, committed 69632K, reserved 393216K
  class space    used 9257K, committed 9600K, reserved 327680K
GC Heap History (20 events):
Event: 24.668 GC heap before
{Heap before GC invocations=3 (full 0):
 garbage-first heap   total 262144K, used 121630K [0x00000000e0000000, 0x0000000100000000)
  region size 1024K, 108 young (110592K), 5 survivors (5120K)
 Metaspace       used 21110K, committed 21504K, reserved 393216K
  class space    used 3049K, committed 3264K, reserved 327680K
}
Event: 24.681 GC heap after
{Heap after GC invocations=4 (full 0):
 garbage-first heap   total 262144K, used 23955K [0x00000000e0000000, 0x0000000100000000)
  region size 1024K, 12 young (12288K), 12 survivors (12288K)
 Metaspace       used 21110K, committed 21504K, reserved 393216K
  class space    used 3049K, committed 3264K, reserved 327680K
}
Event: 32.373 GC heap before
{Heap before GC invocations=5 (full 0):
 garbage-first heap   total 262144K, used 146835K [0x00000000e0000000, 0x0000000100000000)
  region size 1024K, 129 young (132096K), 12 survivors (12288K)
 Metaspace       used 35603K, committed 35968K, reserved 393216K
  class space    used 4939K, committed 5120K, reserved 327680K
}
Event: 32.394 GC heap after
{Heap after GC invocations=6 (full 0):
 garbage-first heap   total 262144K, used 32540K [0x00000000e0000000, 0x0000000100000000)
  region size 1024K, 16 young (16384K), 16 survivors (16384K)
 Metaspace       used 35603K, committed 35968K, reserved 393216K
  class space    used 4939K, committed 5120K, reserved 327680K
}
Event: 37.141 GC heap before
{Heap before GC invocations=7 (full 0):
 garbage-first heap   total 262144K, used 174876K [0x00000000e0000000, 0x0000000100000000)
  region size 1024K, 153 young (156672K), 16 survivors (16384K)
 Metaspace       used 48730K, committed 49216K, reserved 393216K
  class space    used 6925K, committed 7168K, reserved 327680K
}
Event: 37.163 GC heap after
{Heap after GC invocations=8 (full 0):
 garbage-first heap   total 262144K, used 39168K [0x00000000e0000000, 0x0000000100000000)
  region size 1024K, 16 young (16384K), 16 survivors (16384K)
 Metaspace       used 48730K, committed 49216K, reserved 393216K
  class space    used 6925K, committed 7168K, reserved 327680K
}
Event: 40.660 GC heap before
{Heap before GC invocations=8 (full 0):
 garbage-first heap   total 262144K, used 179456K [0x00000000e0000000, 0x0000000100000000)
  region size 1024K, 153 young (156672K), 16 survivors (16384K)
 Metaspace       used 54869K, committed 55552K, reserved 393216K
  class space    used 7688K, committed 8000K, reserved 327680K
}
Event: 40.689 GC heap after
{Heap after GC invocations=9 (full 0):
 garbage-first heap   total 262144K, used 53569K [0x00000000e0000000, 0x0000000100000000)
  region size 1024K, 20 young (20480K), 20 survivors (20480K)
 Metaspace       used 54869K, committed 55552K, reserved 393216K
  class space    used 7688K, committed 8000K, reserved 327680K
}
Event: 43.800 GC heap before
{Heap before GC invocations=9 (full 0):
 garbage-first heap   total 262144K, used 189761K [0x00000000e0000000, 0x0000000100000000)
  region size 1024K, 153 young (156672K), 20 survivors (20480K)
 Metaspace       used 56676K, committed 57408K, reserved 393216K
  class space    used 7788K, committed 8128K, reserved 327680K
}
Event: 43.824 GC heap after
{Heap after GC invocations=10 (full 0):
 garbage-first heap   total 262144K, used 70352K [0x00000000e0000000, 0x0000000100000000)
  region size 1024K, 17 young (17408K), 17 survivors (17408K)
 Metaspace       used 56676K, committed 57408K, reserved 393216K
  class space    used 7788K, committed 8128K, reserved 327680K
}
Event: 45.516 GC heap before
{Heap before GC invocations=10 (full 0):
 garbage-first heap   total 262144K, used 198352K [0x00000000e0000000, 0x0000000100000000)
  region size 1024K, 142 young (145408K), 17 survivors (17408K)
 Metaspace       used 57535K, committed 58176K, reserved 393216K
  class space    used 7843K, committed 8128K, reserved 327680K
}
Event: 45.529 GC heap after
{Heap after GC invocations=11 (full 0):
 garbage-first heap   total 262144K, used 69903K [0x00000000e0000000, 0x0000000100000000)
  region size 1024K, 6 young (6144K), 6 survivors (6144K)
 Metaspace       used 57535K, committed 58176K, reserved 393216K
  class space    used 7843K, committed 8128K, reserved 327680K
}
Event: 46.922 GC heap before
{Heap before GC invocations=11 (full 0):
 garbage-first heap   total 262144K, used 201999K [0x00000000e0000000, 0x0000000100000000)
  region size 1024K, 135 young (138240K), 6 survivors (6144K)
 Metaspace       used 57832K, committed 58624K, reserved 393216K
  class space    used 7845K, committed 8192K, reserved 327680K
}
Event: 46.928 GC heap after
{Heap after GC invocations=12 (full 0):
 garbage-first heap   total 262144K, used 70432K [0x00000000e0000000, 0x0000000100000000)
  region size 1024K, 6 young (6144K), 6 survivors (6144K)
 Metaspace       used 57832K, committed 58624K, reserved 393216K
  class space    used 7845K, committed 8192K, reserved 327680K
}
Event: 48.204 GC heap before
{Heap before GC invocations=12 (full 0):
 garbage-first heap   total 262144K, used 207648K [0x00000000e0000000, 0x0000000100000000)
  region size 1024K, 140 young (143360K), 6 survivors (6144K)
 Metaspace       used 58027K, committed 58752K, reserved 393216K
  class space    used 7848K, committed 8192K, reserved 327680K
}
Event: 48.213 GC heap after
{Heap after GC invocations=13 (full 0):
 garbage-first heap   total 262144K, used 74590K [0x00000000e0000000, 0x0000000100000000)
  region size 1024K, 10 young (10240K), 10 survivors (10240K)
 Metaspace       used 58027K, committed 58752K, reserved 393216K
  class space    used 7848K, committed 8192K, reserved 327680K
}
Event: 49.389 GC heap before
{Heap before GC invocations=13 (full 0):
 garbage-first heap   total 262144K, used 210782K [0x00000000e0000000, 0x0000000100000000)
  region size 1024K, 143 young (146432K), 10 survivors (10240K)
 Metaspace       used 58121K, committed 58880K, reserved 393216K
  class space    used 7848K, committed 8192K, reserved 327680K
}
Event: 49.397 GC heap after
{Heap after GC invocations=14 (full 0):
 garbage-first heap   total 262144K, used 74833K [0x00000000e0000000, 0x0000000100000000)
  region size 1024K, 7 young (7168K), 7 survivors (7168K)
 Metaspace       used 58121K, committed 58880K, reserved 393216K
  class space    used 7848K, committed 8192K, reserved 327680K
}
Event: 50.461 GC heap before
{Heap before GC invocations=14 (full 0):
 garbage-first heap   total 262144K, used 136273K [0x00000000e0000000, 0x0000000100000000)
  region size 1024K, 68 young (69632K), 7 survivors (7168K)
 Metaspace       used 59404K, committed 60096K, reserved 393216K
  class space    used 8070K, committed 8384K, reserved 327680K
}
Event: 50.466 GC heap after
{Heap after GC invocations=15 (full 0):
 garbage-first heap   total 262144K, used 73204K [0x00000000e0000000, 0x0000000100000000)
  region size 1024K, 6 young (6144K), 6 survivors (6144K)
 Metaspace       used 59404K, committed 60096K, reserved 393216K
  class space    used 8070K, committed 8384K, reserved 327680K
}

